Flow report for MOD_8_XY
Tue Jan  7 21:06:15 2025
Quartus Prime Version 23.1std.1 Build 993 05/14/2024 SC Lite Edition


---------------------
; Table of Contents ;
---------------------
  1. Legal Notice
  2. Flow Summary
  3. Flow Settings
  4. Flow Non-Default Global Settings
  5. Flow Elapsed Time
  6. Flow OS Summary
  7. Flow Log
  8. Flow Messages
  9. Flow Suppressed Messages



----------------
; Legal Notice ;
----------------
Copyright (C) 2024  Intel Corporation. All rights reserved.
Your use of Intel Corporation's design tools, logic functions 
and other software and tools, and any partner logic 
functions, and any output files from any of the foregoing 
(including device programming or simulation files), and any 
associated documentation or information are expressly subject 
to the terms and conditions of the Intel Program License 
Subscription Agreement, the Intel Quartus Prime License Agreement,
the Intel FPGA IP License Agreement, or other applicable license
agreement, including, without limitation, that your use is for
the sole purpose of programming logic devices manufactured by
Intel and sold by Intel or its authorized distributors.  Please
refer to the applicable agreement for further details, at
https://fpgasoftware.intel.com/eula.



+------------------------------------------------------------------------+
; Flow Summary                                                           ;
+-----------------------+------------------------------------------------+
; Flow Status           ; Successful - Tue Jan  7 21:06:12 2025          ;
; Quartus Prime Version ; 23.1std.1 Build 993 05/14/2024 SC Lite Edition ;
; Revision Name         ; MOD_8_XY                                       ;
; Top-level Entity Name ; MOD_8_XY                                       ;
; Family                ; MAX II                                         ;
; Device                ; EPM240T100C5                                   ;
; Timing Models         ; Final                                          ;
; Total logic elements  ; 66 / 240 ( 28 % )                              ;
; Total pins            ; 23 / 80 ( 29 % )                               ;
; Total virtual pins    ; 0                                              ;
; UFM blocks            ; 0 / 1 ( 0 % )                                  ;
+-----------------------+------------------------------------------------+


+-----------------------------------------+
; Flow Settings                           ;
+-------------------+---------------------+
; Option            ; Setting             ;
+-------------------+---------------------+
; Start date & time ; 01/07/2025 21:05:46 ;
; Main task         ; Compilation         ;
; Revision Name     ; MOD_8_XY            ;
+-------------------+---------------------+


+--------------------------------------------------------------------------------------------------------------------+
; Flow Non-Default Global Settings                                                                                   ;
+---------------------------------------+---------------------------------+---------------+-------------+------------+
; Assignment Name                       ; Value                           ; Default Value ; Entity Name ; Section Id ;
+---------------------------------------+---------------------------------+---------------+-------------+------------+
; COMPILER_SIGNATURE_ID                 ; 148238912654301.173630554625119 ; --            ; --          ; --         ;
; MAX_CORE_JUNCTION_TEMP                ; 85                              ; --            ; --          ; --         ;
; MIN_CORE_JUNCTION_TEMP                ; 0                               ; --            ; --          ; --         ;
; POWER_EXT_SUPPLY_VOLTAGE_TO_REGULATOR ; 3.3V                            ; --            ; --          ; --         ;
; PROJECT_OUTPUT_DIRECTORY              ; output_files                    ; --            ; --          ; --         ;
+---------------------------------------+---------------------------------+---------------+-------------+------------+


+--------------------------------------------------------------------------------------------------------------------------+
; Flow Elapsed Time                                                                                                        ;
+----------------------+--------------+-------------------------+---------------------+------------------------------------+
; Module Name          ; Elapsed Time ; Average Processors Used ; Peak Virtual Memory ; Total CPU Time (on all processors) ;
+----------------------+--------------+-------------------------+---------------------+------------------------------------+
; Analysis & Synthesis ; 00:00:20     ; 1.0                     ; 377 MB              ; 00:00:47                           ;
; Fitter               ; 00:00:02     ; 1.0                     ; 764 MB              ; 00:00:03                           ;
; Assembler            ; 00:00:00     ; 1.0                     ; 313 MB              ; 00:00:01                           ;
; Timing Analyzer      ; 00:00:01     ; 1.0                     ; 330 MB              ; 00:00:01                           ;
; Total                ; 00:00:23     ; --                      ; --                  ; 00:00:52                           ;
+----------------------+--------------+-------------------------+---------------------+------------------------------------+


+------------------------------------------------------------------------------------------+
; Flow OS Summary                                                                          ;
+----------------------+------------------+------------------+------------+----------------+
; Module Name          ; Machine Hostname ; OS Name          ; OS Version ; Processor type ;
+----------------------+------------------+------------------+------------+----------------+
; Analysis & Synthesis ; DESKTOP-TE7OR9J  ; Debian GNU/Linux ; 12         ; x86_64         ;
; Fitter               ; DESKTOP-TE7OR9J  ; Debian GNU/Linux ; 12         ; x86_64         ;
; Assembler            ; DESKTOP-TE7OR9J  ; Debian GNU/Linux ; 12         ; x86_64         ;
; Timing Analyzer      ; DESKTOP-TE7OR9J  ; Debian GNU/Linux ; 12         ; x86_64         ;
+----------------------+------------------+------------------+------------+----------------+


------------
; Flow Log ;
------------
quartus_map --read_settings_files=on --write_settings_files=off MOD_8_XY -c MOD_8_XY
quartus_fit --read_settings_files=off --write_settings_files=off MOD_8_XY -c MOD_8_XY
quartus_asm --read_settings_files=off --write_settings_files=off MOD_8_XY -c MOD_8_XY
quartus_sta MOD_8_XY -c MOD_8_XY



