Analysis & Synthesis report for MOD_16_XY_MOORE
Tue Dec 17 08:24:03 2024
Quartus Prime Version 23.1std.1 Build 993 05/14/2024 SC Lite Edition


---------------------
; Table of Contents ;
---------------------
  1. Legal Notice
  2. Analysis & Synthesis Summary
  3. Analysis & Synthesis Settings
  4. Parallel Compilation
  5. Analysis & Synthesis Source Files Read
  6. Analysis & Synthesis Resource Usage Summary
  7. Analysis & Synthesis Resource Utilization by Entity
  8. General Register Statistics
  9. Multiplexer Restructuring Statistics (Restructuring Performed)
 10. Parameter Settings for Inferred Entity Instance: lpm_divide:Div0
 11. Analysis & Synthesis Messages



----------------
; Legal Notice ;
----------------
Copyright (C) 2024  Intel Corporation. All rights reserved.
Your use of Intel Corporation's design tools, logic functions 
and other software and tools, and any partner logic 
functions, and any output files from any of the foregoing 
(including device programming or simulation files), and any 
associated documentation or information are expressly subject 
to the terms and conditions of the Intel Program License 
Subscription Agreement, the Intel Quartus Prime License Agreement,
the Intel FPGA IP License Agreement, or other applicable license
agreement, including, without limitation, that your use is for
the sole purpose of programming logic devices manufactured by
Intel and sold by Intel or its authorized distributors.  Please
refer to the applicable agreement for further details, at
https://fpgasoftware.intel.com/eula.



+------------------------------------------------------------------------------+
; Analysis & Synthesis Summary                                                 ;
+-----------------------------+------------------------------------------------+
; Analysis & Synthesis Status ; Successful - Tue Dec 17 08:24:03 2024          ;
; Quartus Prime Version       ; 23.1std.1 Build 993 05/14/2024 SC Lite Edition ;
; Revision Name               ; MOD_16_XY_MOORE                                ;
; Top-level Entity Name       ; MOD_16_XY_MOORE                                ;
; Family                      ; MAX II                                         ;
; Total logic elements        ; 109                                            ;
; Total pins                  ; 25                                             ;
; Total virtual pins          ; 0                                              ;
; UFM blocks                  ; 0 / 1 ( 0 % )                                  ;
+-----------------------------+------------------------------------------------+


+------------------------------------------------------------------------------------------------------------+
; Analysis & Synthesis Settings                                                                              ;
+------------------------------------------------------------------+--------------------+--------------------+
; Option                                                           ; Setting            ; Default Value      ;
+------------------------------------------------------------------+--------------------+--------------------+
; Device                                                           ; EPM240T100C5       ;                    ;
; Top-level entity name                                            ; MOD_16_XY_MOORE    ; MOD_16_XY_MOORE    ;
; Family name                                                      ; MAX II             ; Cyclone V          ;
; Use smart compilation                                            ; Off                ; Off                ;
; Enable parallel Assembler and Timing Analyzer during compilation ; On                 ; On                 ;
; Enable compact report table                                      ; Off                ; Off                ;
; Restructure Multiplexers                                         ; Auto               ; Auto               ;
; Create Debugging Nodes for IP Cores                              ; Off                ; Off                ;
; Preserve fewer node names                                        ; On                 ; On                 ;
; Intel FPGA IP Evaluation Mode                                    ; Enable             ; Enable             ;
; Verilog Version                                                  ; Verilog_2001       ; Verilog_2001       ;
; VHDL Version                                                     ; VHDL_1993          ; VHDL_1993          ;
; State Machine Processing                                         ; Auto               ; Auto               ;
; Safe State Machine                                               ; Off                ; Off                ;
; Extract Verilog State Machines                                   ; On                 ; On                 ;
; Extract VHDL State Machines                                      ; On                 ; On                 ;
; Ignore Verilog initial constructs                                ; Off                ; Off                ;
; Iteration limit for constant Verilog loops                       ; 5000               ; 5000               ;
; Iteration limit for non-constant Verilog loops                   ; 250                ; 250                ;
; Add Pass-Through Logic to Inferred RAMs                          ; On                 ; On                 ;
; Infer RAMs from Raw Logic                                        ; On                 ; On                 ;
; Parallel Synthesis                                               ; On                 ; On                 ;
; NOT Gate Push-Back                                               ; On                 ; On                 ;
; Power-Up Don't Care                                              ; On                 ; On                 ;
; Remove Redundant Logic Cells                                     ; Off                ; Off                ;
; Remove Duplicate Registers                                       ; On                 ; On                 ;
; Ignore CARRY Buffers                                             ; Off                ; Off                ;
; Ignore CASCADE Buffers                                           ; Off                ; Off                ;
; Ignore GLOBAL Buffers                                            ; Off                ; Off                ;
; Ignore ROW GLOBAL Buffers                                        ; Off                ; Off                ;
; Ignore LCELL Buffers                                             ; Off                ; Off                ;
; Ignore SOFT Buffers                                              ; On                 ; On                 ;
; Limit AHDL Integers to 32 Bits                                   ; Off                ; Off                ;
; Optimization Technique                                           ; Balanced           ; Balanced           ;
; Carry Chain Length                                               ; 70                 ; 70                 ;
; Auto Carry Chains                                                ; On                 ; On                 ;
; Auto Open-Drain Pins                                             ; On                 ; On                 ;
; Perform WYSIWYG Primitive Resynthesis                            ; Off                ; Off                ;
; Auto Shift Register Replacement                                  ; Auto               ; Auto               ;
; Allow Shift Register Merging across Hierarchies                  ; Auto               ; Auto               ;
; Auto Clock Enable Replacement                                    ; On                 ; On                 ;
; Allow Synchronous Control Signals                                ; On                 ; On                 ;
; Force Use of Synchronous Clear Signals                           ; Off                ; Off                ;
; Auto Resource Sharing                                            ; Off                ; Off                ;
; Use LogicLock Constraints during Resource Balancing              ; On                 ; On                 ;
; Ignore translate_off and synthesis_off directives                ; Off                ; Off                ;
; Report Parameter Settings                                        ; On                 ; On                 ;
; Report Source Assignments                                        ; On                 ; On                 ;
; Report Connectivity Checks                                       ; On                 ; On                 ;
; Ignore Maximum Fan-Out Assignments                               ; Off                ; Off                ;
; Synchronization Register Chain Length                            ; 2                  ; 2                  ;
; Power Optimization During Synthesis                              ; Normal compilation ; Normal compilation ;
; HDL message level                                                ; Level2             ; Level2             ;
; Suppress Register Optimization Related Messages                  ; Off                ; Off                ;
; Number of Removed Registers Reported in Synthesis Report         ; 5000               ; 5000               ;
; Number of Swept Nodes Reported in Synthesis Report               ; 5000               ; 5000               ;
; Number of Inverted Registers Reported in Synthesis Report        ; 100                ; 100                ;
; Clock MUX Protection                                             ; On                 ; On                 ;
; Block Design Naming                                              ; Auto               ; Auto               ;
; Synthesis Effort                                                 ; Auto               ; Auto               ;
; Shift Register Replacement - Allow Asynchronous Clear Signal     ; On                 ; On                 ;
; Analysis & Synthesis Message Level                               ; Medium             ; Medium             ;
; Disable Register Merging Across Hierarchies                      ; Auto               ; Auto               ;
+------------------------------------------------------------------+--------------------+--------------------+


+------------------------------------------+
; Parallel Compilation                     ;
+----------------------------+-------------+
; Processors                 ; Number      ;
+----------------------------+-------------+
; Number detected on machine ; 16          ;
; Maximum allowed            ; 16          ;
;                            ;             ;
; Average used               ; 1.00        ;
; Maximum used               ; 1           ;
;                            ;             ;
; Usage by Processor         ; % Time Used ;
;     Processor 1            ; 100.0%      ;
+----------------------------+-------------+


+--------------------------------------------------------------------------------------------------------------------------------------------------------------------------------------------------------------------+
; Analysis & Synthesis Source Files Read                                                                                                                                                                             ;
+----------------------------------+-----------------+------------------------------+----------------------------------------------------------------------------------------------------------------------+---------+
; File Name with User-Entered Path ; Used in Netlist ; File Type                    ; File Name with Absolute Path                                                                                         ; Library ;
+----------------------------------+-----------------+------------------------------+----------------------------------------------------------------------------------------------------------------------+---------+
; mod_16_xy_moore.vhd              ; yes             ; Auto-Found VHDL File         ; C:/Users/mcmin/Documents/GIT/Aplicaciones_sistemas_digitales_UPIICSA/NOPE/MOD_16_XY_MOORE/mod_16_xy_moore.vhd        ;         ;
; clk_redux.vhd                    ; yes             ; Auto-Found VHDL File         ; C:/Users/mcmin/Documents/GIT/Aplicaciones_sistemas_digitales_UPIICSA/NOPE/MOD_16_XY_MOORE/clk_redux.vhd              ;         ;
; lpm_divide.tdf                   ; yes             ; Megafunction                 ; c:/intelfpga_lite/23.1std/quartus/libraries/megafunctions/lpm_divide.tdf                                             ;         ;
; abs_divider.inc                  ; yes             ; Megafunction                 ; c:/intelfpga_lite/23.1std/quartus/libraries/megafunctions/abs_divider.inc                                            ;         ;
; sign_div_unsign.inc              ; yes             ; Megafunction                 ; c:/intelfpga_lite/23.1std/quartus/libraries/megafunctions/sign_div_unsign.inc                                        ;         ;
; aglobal231.inc                   ; yes             ; Megafunction                 ; c:/intelfpga_lite/23.1std/quartus/libraries/megafunctions/aglobal231.inc                                             ;         ;
; db/lpm_divide_lvl.tdf            ; yes             ; Auto-Generated Megafunction  ; C:/Users/mcmin/Documents/GIT/Aplicaciones_sistemas_digitales_UPIICSA/NOPE/MOD_16_XY_MOORE/db/lpm_divide_lvl.tdf      ;         ;
; db/sign_div_unsign_6kh.tdf       ; yes             ; Auto-Generated Megafunction  ; C:/Users/mcmin/Documents/GIT/Aplicaciones_sistemas_digitales_UPIICSA/NOPE/MOD_16_XY_MOORE/db/sign_div_unsign_6kh.tdf ;         ;
; db/alt_u_div_7ie.tdf             ; yes             ; Auto-Generated Megafunction  ; C:/Users/mcmin/Documents/GIT/Aplicaciones_sistemas_digitales_UPIICSA/NOPE/MOD_16_XY_MOORE/db/alt_u_div_7ie.tdf       ;         ;
; db/add_sub_e7c.tdf               ; yes             ; Auto-Generated Megafunction  ; C:/Users/mcmin/Documents/GIT/Aplicaciones_sistemas_digitales_UPIICSA/NOPE/MOD_16_XY_MOORE/db/add_sub_e7c.tdf         ;         ;
; db/add_sub_f7c.tdf               ; yes             ; Auto-Generated Megafunction  ; C:/Users/mcmin/Documents/GIT/Aplicaciones_sistemas_digitales_UPIICSA/NOPE/MOD_16_XY_MOORE/db/add_sub_f7c.tdf         ;         ;
; db/add_sub_g7c.tdf               ; yes             ; Auto-Generated Megafunction  ; C:/Users/mcmin/Documents/GIT/Aplicaciones_sistemas_digitales_UPIICSA/NOPE/MOD_16_XY_MOORE/db/add_sub_g7c.tdf         ;         ;
+----------------------------------+-----------------+------------------------------+----------------------------------------------------------------------------------------------------------------------+---------+


+-----------------------------------------------------+
; Analysis & Synthesis Resource Usage Summary         ;
+---------------------------------------------+-------+
; Resource                                    ; Usage ;
+---------------------------------------------+-------+
; Total logic elements                        ; 109   ;
;     -- Combinational with no register       ; 79    ;
;     -- Register only                        ; 12    ;
;     -- Combinational with a register        ; 18    ;
;                                             ;       ;
; Logic element usage by number of LUT inputs ;       ;
;     -- 4 input functions                    ; 26    ;
;     -- 3 input functions                    ; 12    ;
;     -- 2 input functions                    ; 53    ;
;     -- 1 input functions                    ; 6     ;
;     -- 0 input functions                    ; 0     ;
;                                             ;       ;
; Logic elements by mode                      ;       ;
;     -- normal mode                          ; 77    ;
;     -- arithmetic mode                      ; 32    ;
;     -- qfbk mode                            ; 0     ;
;     -- register cascade mode                ; 0     ;
;     -- synchronous clear/load mode          ; 4     ;
;     -- asynchronous clear/load mode         ; 0     ;
;                                             ;       ;
; Total registers                             ; 30    ;
; Total logic cells in carry chains           ; 38    ;
; I/O pins                                    ; 25    ;
; Maximum fan-out node                        ; clk   ;
; Maximum fan-out                             ; 26    ;
; Total fan-out                               ; 321   ;
; Average fan-out                             ; 2.40  ;
+---------------------------------------------+-------+


+---------------------------------------------------------------------------------------------------------------------------------------------------------------------------------------------------------------------------------------------------------------------------------------------------------------------------------------------------------------------------+
; Analysis & Synthesis Resource Utilization by Entity                                                                                                                                                                                                                                                                                                                       ;
+----------------------------------------+-------------+--------------+------------+------+--------------+--------------+-------------------+------------------+-----------------+------------+----------------------------------------------------------------------------------------------------------------------------------------+---------------------+--------------+
; Compilation Hierarchy Node             ; Logic Cells ; LC Registers ; UFM Blocks ; Pins ; Virtual Pins ; LUT-Only LCs ; Register-Only LCs ; LUT/Register LCs ; Carry Chain LCs ; Packed LCs ; Full Hierarchy Name                                                                                                                    ; Entity Name         ; Library Name ;
+----------------------------------------+-------------+--------------+------------+------+--------------+--------------+-------------------+------------------+-----------------+------------+----------------------------------------------------------------------------------------------------------------------------------------+---------------------+--------------+
; |MOD_16_XY_MOORE                       ; 109 (29)    ; 30           ; 0          ; 25   ; 0            ; 79 (25)      ; 12 (0)            ; 18 (4)           ; 38 (0)          ; 0 (0)      ; |MOD_16_XY_MOORE                                                                                                                       ; MOD_16_XY_MOORE     ; work         ;
;    |clk_redux:clk_redux_inst|          ; 59 (59)     ; 26           ; 0          ; 0    ; 0            ; 33 (33)      ; 12 (12)           ; 14 (14)          ; 25 (25)         ; 0 (0)      ; |MOD_16_XY_MOORE|clk_redux:clk_redux_inst                                                                                              ; clk_redux           ; work         ;
;    |lpm_divide:Div0|                   ; 21 (0)      ; 0            ; 0          ; 0    ; 0            ; 21 (0)       ; 0 (0)             ; 0 (0)            ; 13 (0)          ; 0 (0)      ; |MOD_16_XY_MOORE|lpm_divide:Div0                                                                                                       ; lpm_divide          ; work         ;
;       |lpm_divide_lvl:auto_generated|  ; 21 (0)      ; 0            ; 0          ; 0    ; 0            ; 21 (0)       ; 0 (0)             ; 0 (0)            ; 13 (0)          ; 0 (0)      ; |MOD_16_XY_MOORE|lpm_divide:Div0|lpm_divide_lvl:auto_generated                                                                         ; lpm_divide_lvl      ; work         ;
;          |sign_div_unsign_6kh:divider| ; 21 (0)      ; 0            ; 0          ; 0    ; 0            ; 21 (0)       ; 0 (0)             ; 0 (0)            ; 13 (0)          ; 0 (0)      ; |MOD_16_XY_MOORE|lpm_divide:Div0|lpm_divide_lvl:auto_generated|sign_div_unsign_6kh:divider                                             ; sign_div_unsign_6kh ; work         ;
;             |alt_u_div_7ie:divider|    ; 21 (8)      ; 0            ; 0          ; 0    ; 0            ; 21 (8)       ; 0 (0)             ; 0 (0)            ; 13 (0)          ; 0 (0)      ; |MOD_16_XY_MOORE|lpm_divide:Div0|lpm_divide_lvl:auto_generated|sign_div_unsign_6kh:divider|alt_u_div_7ie:divider                       ; alt_u_div_7ie       ; work         ;
;                |add_sub_g7c:add_sub_2| ; 5 (5)       ; 0            ; 0          ; 0    ; 0            ; 5 (5)        ; 0 (0)             ; 0 (0)            ; 5 (5)           ; 0 (0)      ; |MOD_16_XY_MOORE|lpm_divide:Div0|lpm_divide_lvl:auto_generated|sign_div_unsign_6kh:divider|alt_u_div_7ie:divider|add_sub_g7c:add_sub_2 ; add_sub_g7c         ; work         ;
;                |add_sub_g7c:add_sub_3| ; 5 (5)       ; 0            ; 0          ; 0    ; 0            ; 5 (5)        ; 0 (0)             ; 0 (0)            ; 5 (5)           ; 0 (0)      ; |MOD_16_XY_MOORE|lpm_divide:Div0|lpm_divide_lvl:auto_generated|sign_div_unsign_6kh:divider|alt_u_div_7ie:divider|add_sub_g7c:add_sub_3 ; add_sub_g7c         ; work         ;
;                |add_sub_g7c:add_sub_4| ; 3 (3)       ; 0            ; 0          ; 0    ; 0            ; 3 (3)        ; 0 (0)             ; 0 (0)            ; 3 (3)           ; 0 (0)      ; |MOD_16_XY_MOORE|lpm_divide:Div0|lpm_divide_lvl:auto_generated|sign_div_unsign_6kh:divider|alt_u_div_7ie:divider|add_sub_g7c:add_sub_4 ; add_sub_g7c         ; work         ;
+----------------------------------------+-------------+--------------+------------+------+--------------+--------------+-------------------+------------------+-----------------+------------+----------------------------------------------------------------------------------------------------------------------------------------+---------------------+--------------+
Note: For table entries with two numbers listed, the numbers in parentheses indicate the number of resources of the given type used by the specific entity alone. The numbers listed outside of parentheses indicate the total resources of the given type used by the specific entity and all of its sub-entities in the hierarchy.


+------------------------------------------------------+
; General Register Statistics                          ;
+----------------------------------------------+-------+
; Statistic                                    ; Value ;
+----------------------------------------------+-------+
; Total registers                              ; 30    ;
; Number of registers using Synchronous Clear  ; 0     ;
; Number of registers using Synchronous Load   ; 4     ;
; Number of registers using Asynchronous Clear ; 0     ;
; Number of registers using Asynchronous Load  ; 0     ;
; Number of registers using Clock Enable       ; 0     ;
; Number of registers using Preset             ; 0     ;
+----------------------------------------------+-------+


+-----------------------------------------------------------------------------------------------------------------------------------------------+
; Multiplexer Restructuring Statistics (Restructuring Performed)                                                                                ;
+--------------------+-----------+---------------+----------------------+------------------------+------------+---------------------------------+
; Multiplexer Inputs ; Bus Width ; Baseline Area ; Area if Restructured ; Saving if Restructured ; Registered ; Example Multiplexer Output      ;
+--------------------+-----------+---------------+----------------------+------------------------+------------+---------------------------------+
; 5:1                ; 2 bits    ; 6 LEs         ; 6 LEs                ; 0 LEs                  ; Yes        ; |MOD_16_XY_MOORE|estado[0]~reg0 ;
; 6:1                ; 2 bits    ; 8 LEs         ; 8 LEs                ; 0 LEs                  ; Yes        ; |MOD_16_XY_MOORE|estado[2]~reg0 ;
+--------------------+-----------+---------------+----------------------+------------------------+------------+---------------------------------+


+------------------------------------------------------------------+
; Parameter Settings for Inferred Entity Instance: lpm_divide:Div0 ;
+------------------------+----------------+------------------------+
; Parameter Name         ; Value          ; Type                   ;
+------------------------+----------------+------------------------+
; LPM_WIDTHN             ; 5              ; Untyped                ;
; LPM_WIDTHD             ; 2              ; Untyped                ;
; LPM_NREPRESENTATION    ; UNSIGNED       ; Untyped                ;
; LPM_DREPRESENTATION    ; UNSIGNED       ; Untyped                ;
; LPM_PIPELINE           ; 0              ; Untyped                ;
; LPM_REMAINDERPOSITIVE  ; TRUE           ; Untyped                ;
; MAXIMIZE_SPEED         ; 5              ; Untyped                ;
; CBXI_PARAMETER         ; lpm_divide_lvl ; Untyped                ;
; CARRY_CHAIN            ; MANUAL         ; Untyped                ;
; OPTIMIZE_FOR_SPEED     ; 5              ; Untyped                ;
; AUTO_CARRY_CHAINS      ; ON             ; AUTO_CARRY             ;
; IGNORE_CARRY_BUFFERS   ; OFF            ; IGNORE_CARRY           ;
; AUTO_CASCADE_CHAINS    ; ON             ; AUTO_CASCADE           ;
; IGNORE_CASCADE_BUFFERS ; OFF            ; IGNORE_CASCADE         ;
+------------------------+----------------+------------------------+
Note: In order to hide this table in the UI and the text report file, please set the "Show Parameter Settings in Synthesis Report" option in "Analysis and Synthesis Settings -> More Settings" to "Off".


+-------------------------------+
; Analysis & Synthesis Messages ;
+-------------------------------+
Info: *******************************************************************
Info: Running Quartus Prime Analysis & Synthesis
    Info: Version 23.1std.1 Build 993 05/14/2024 SC Lite Edition
    Info: Processing started: Tue Dec 17 08:23:50 2024
Info: Command: quartus_map --read_settings_files=on --write_settings_files=off MOD_16_XY_MOORE -c MOD_16_XY_MOORE
Warning (18236): Number of processors has not been specified which may cause overloading on shared machines.  Set the global assignment NUM_PARALLEL_PROCESSORS in your QSF to an appropriate value for best performance.
Info (20030): Parallel compilation is enabled and will use 16 of the 16 processors detected
Warning (12125): Using design file mod_16_xy_moore.vhd, which is not specified as a design file for the current project, but contains definitions for 2 design units and 1 entities in project
    Info (12022): Found design unit 1: MOD_16_XY_MOORE-Behavioral File: C:/Users/mcmin/Documents/GIT/Aplicaciones_sistemas_digitales_UPIICSA/NOPE/MOD_16_XY_MOORE/mod_16_xy_moore.vhd Line: 18
    Info (12023): Found entity 1: MOD_16_XY_MOORE File: C:/Users/mcmin/Documents/GIT/Aplicaciones_sistemas_digitales_UPIICSA/NOPE/MOD_16_XY_MOORE/mod_16_xy_moore.vhd Line: 7
Info (12127): Elaborating entity "MOD_16_XY_MOORE" for the top level hierarchy
Warning (12125): Using design file clk_redux.vhd, which is not specified as a design file for the current project, but contains definitions for 2 design units and 1 entities in project
    Info (12022): Found design unit 1: clk_redux-Behavioral File: C:/Users/mcmin/Documents/GIT/Aplicaciones_sistemas_digitales_UPIICSA/NOPE/MOD_16_XY_MOORE/clk_redux.vhd Line: 13
    Info (12023): Found entity 1: clk_redux File: C:/Users/mcmin/Documents/GIT/Aplicaciones_sistemas_digitales_UPIICSA/NOPE/MOD_16_XY_MOORE/clk_redux.vhd Line: 6
Info (12128): Elaborating entity "clk_redux" for hierarchy "clk_redux:clk_redux_inst" File: C:/Users/mcmin/Documents/GIT/Aplicaciones_sistemas_digitales_UPIICSA/NOPE/MOD_16_XY_MOORE/mod_16_xy_moore.vhd Line: 30
Info (278001): Inferred 1 megafunctions from design logic
    Info (278004): Inferred divider/modulo megafunction ("lpm_divide") from the following logic: "Div0" File: C:/Users/mcmin/Documents/GIT/Aplicaciones_sistemas_digitales_UPIICSA/NOPE/MOD_16_XY_MOORE/mod_16_xy_moore.vhd Line: 54
Info (12130): Elaborated megafunction instantiation "lpm_divide:Div0" File: C:/Users/mcmin/Documents/GIT/Aplicaciones_sistemas_digitales_UPIICSA/NOPE/MOD_16_XY_MOORE/mod_16_xy_moore.vhd Line: 54
Info (12133): Instantiated megafunction "lpm_divide:Div0" with the following parameter: File: C:/Users/mcmin/Documents/GIT/Aplicaciones_sistemas_digitales_UPIICSA/NOPE/MOD_16_XY_MOORE/mod_16_xy_moore.vhd Line: 54
    Info (12134): Parameter "LPM_WIDTHN" = "5"
    Info (12134): Parameter "LPM_WIDTHD" = "2"
    Info (12134): Parameter "LPM_NREPRESENTATION" = "UNSIGNED"
    Info (12134): Parameter "LPM_DREPRESENTATION" = "UNSIGNED"
Info (12021): Found 1 design units, including 1 entities, in source file db/lpm_divide_lvl.tdf
    Info (12023): Found entity 1: lpm_divide_lvl File: C:/Users/mcmin/Documents/GIT/Aplicaciones_sistemas_digitales_UPIICSA/NOPE/MOD_16_XY_MOORE/db/lpm_divide_lvl.tdf Line: 25
Info (12021): Found 1 design units, including 1 entities, in source file db/sign_div_unsign_6kh.tdf
    Info (12023): Found entity 1: sign_div_unsign_6kh File: C:/Users/mcmin/Documents/GIT/Aplicaciones_sistemas_digitales_UPIICSA/NOPE/MOD_16_XY_MOORE/db/sign_div_unsign_6kh.tdf Line: 25
Info (12021): Found 1 design units, including 1 entities, in source file db/alt_u_div_7ie.tdf
    Info (12023): Found entity 1: alt_u_div_7ie File: C:/Users/mcmin/Documents/GIT/Aplicaciones_sistemas_digitales_UPIICSA/NOPE/MOD_16_XY_MOORE/db/alt_u_div_7ie.tdf Line: 29
Info (12021): Found 1 design units, including 1 entities, in source file db/add_sub_e7c.tdf
    Info (12023): Found entity 1: add_sub_e7c File: C:/Users/mcmin/Documents/GIT/Aplicaciones_sistemas_digitales_UPIICSA/NOPE/MOD_16_XY_MOORE/db/add_sub_e7c.tdf Line: 23
Info (12021): Found 1 design units, including 1 entities, in source file db/add_sub_f7c.tdf
    Info (12023): Found entity 1: add_sub_f7c File: C:/Users/mcmin/Documents/GIT/Aplicaciones_sistemas_digitales_UPIICSA/NOPE/MOD_16_XY_MOORE/db/add_sub_f7c.tdf Line: 23
Info (12021): Found 1 design units, including 1 entities, in source file db/add_sub_g7c.tdf
    Info (12023): Found entity 1: add_sub_g7c File: C:/Users/mcmin/Documents/GIT/Aplicaciones_sistemas_digitales_UPIICSA/NOPE/MOD_16_XY_MOORE/db/add_sub_g7c.tdf Line: 25
Warning (13034): The following nodes have both tri-state and non-tri-state drivers
    Warning (13035): Inserted always-enabled tri-state buffer between "clk_1hz" and its non-tri-state driver. File: C:/Users/mcmin/Documents/GIT/Aplicaciones_sistemas_digitales_UPIICSA/NOPE/MOD_16_XY_MOORE/mod_16_xy_moore.vhd Line: 10
    Warning (13035): Inserted always-enabled tri-state buffer between "estado[0]" and its non-tri-state driver. File: C:/Users/mcmin/Documents/GIT/Aplicaciones_sistemas_digitales_UPIICSA/NOPE/MOD_16_XY_MOORE/mod_16_xy_moore.vhd Line: 41
    Warning (13035): Inserted always-enabled tri-state buffer between "estado[1]" and its non-tri-state driver. File: C:/Users/mcmin/Documents/GIT/Aplicaciones_sistemas_digitales_UPIICSA/NOPE/MOD_16_XY_MOORE/mod_16_xy_moore.vhd Line: 41
    Warning (13035): Inserted always-enabled tri-state buffer between "estado[2]" and its non-tri-state driver. File: C:/Users/mcmin/Documents/GIT/Aplicaciones_sistemas_digitales_UPIICSA/NOPE/MOD_16_XY_MOORE/mod_16_xy_moore.vhd Line: 41
    Warning (13035): Inserted always-enabled tri-state buffer between "estado[3]" and its non-tri-state driver. File: C:/Users/mcmin/Documents/GIT/Aplicaciones_sistemas_digitales_UPIICSA/NOPE/MOD_16_XY_MOORE/mod_16_xy_moore.vhd Line: 41
Info (13060): One or more bidirectional pins are fed by always enabled tri-state buffers
    Info (13061): Fan-out of permanently enabled tri-state buffer feeding bidirectional pin "clk_1hz" is moved to its source File: C:/Users/mcmin/Documents/GIT/Aplicaciones_sistemas_digitales_UPIICSA/NOPE/MOD_16_XY_MOORE/mod_16_xy_moore.vhd Line: 10
    Info (13061): Fan-out of permanently enabled tri-state buffer feeding bidirectional pin "estado[0]" is moved to its source File: C:/Users/mcmin/Documents/GIT/Aplicaciones_sistemas_digitales_UPIICSA/NOPE/MOD_16_XY_MOORE/mod_16_xy_moore.vhd Line: 41
    Info (13061): Fan-out of permanently enabled tri-state buffer feeding bidirectional pin "estado[1]" is moved to its source File: C:/Users/mcmin/Documents/GIT/Aplicaciones_sistemas_digitales_UPIICSA/NOPE/MOD_16_XY_MOORE/mod_16_xy_moore.vhd Line: 41
    Info (13061): Fan-out of permanently enabled tri-state buffer feeding bidirectional pin "estado[2]" is moved to its source File: C:/Users/mcmin/Documents/GIT/Aplicaciones_sistemas_digitales_UPIICSA/NOPE/MOD_16_XY_MOORE/mod_16_xy_moore.vhd Line: 41
    Info (13061): Fan-out of permanently enabled tri-state buffer feeding bidirectional pin "estado[3]" is moved to its source File: C:/Users/mcmin/Documents/GIT/Aplicaciones_sistemas_digitales_UPIICSA/NOPE/MOD_16_XY_MOORE/mod_16_xy_moore.vhd Line: 41
Warning (13009): TRI or OPNDRN buffers permanently enabled
    Warning (13010): Node "clk_1hz~synth" File: C:/Users/mcmin/Documents/GIT/Aplicaciones_sistemas_digitales_UPIICSA/NOPE/MOD_16_XY_MOORE/mod_16_xy_moore.vhd Line: 10
    Warning (13010): Node "estado[0]~synth" File: C:/Users/mcmin/Documents/GIT/Aplicaciones_sistemas_digitales_UPIICSA/NOPE/MOD_16_XY_MOORE/mod_16_xy_moore.vhd Line: 41
    Warning (13010): Node "estado[1]~synth" File: C:/Users/mcmin/Documents/GIT/Aplicaciones_sistemas_digitales_UPIICSA/NOPE/MOD_16_XY_MOORE/mod_16_xy_moore.vhd Line: 41
    Warning (13010): Node "estado[2]~synth" File: C:/Users/mcmin/Documents/GIT/Aplicaciones_sistemas_digitales_UPIICSA/NOPE/MOD_16_XY_MOORE/mod_16_xy_moore.vhd Line: 41
    Warning (13010): Node "estado[3]~synth" File: C:/Users/mcmin/Documents/GIT/Aplicaciones_sistemas_digitales_UPIICSA/NOPE/MOD_16_XY_MOORE/mod_16_xy_moore.vhd Line: 41
Warning (13024): Output pins are stuck at VCC or GND
    Warning (13410): Pin "display[0]" is stuck at GND File: C:/Users/mcmin/Documents/GIT/Aplicaciones_sistemas_digitales_UPIICSA/NOPE/MOD_16_XY_MOORE/mod_16_xy_moore.vhd Line: 11
    Warning (13410): Pin "display[1]" is stuck at GND File: C:/Users/mcmin/Documents/GIT/Aplicaciones_sistemas_digitales_UPIICSA/NOPE/MOD_16_XY_MOORE/mod_16_xy_moore.vhd Line: 11
    Warning (13410): Pin "display[8]" is stuck at GND File: C:/Users/mcmin/Documents/GIT/Aplicaciones_sistemas_digitales_UPIICSA/NOPE/MOD_16_XY_MOORE/mod_16_xy_moore.vhd Line: 11
Info (21057): Implemented 134 device resources after synthesis - the final resource count might be different
    Info (21058): Implemented 3 input pins
    Info (21059): Implemented 17 output pins
    Info (21060): Implemented 5 bidirectional pins
    Info (21061): Implemented 109 logic cells
Info: Quartus Prime Analysis & Synthesis was successful. 0 errors, 19 warnings
    Info: Peak virtual memory: 4773 megabytes
    Info: Processing ended: Tue Dec 17 08:24:03 2024
    Info: Elapsed time: 00:00:13
    Info: Total CPU time (on all processors): 00:00:23


