Analysis & Synthesis report for MOD_16_XY
Wed Jan  8 17:44:31 2025
Quartus Prime Version 23.1std.1 Build 993 05/14/2024 SC Lite Edition


---------------------
; Table of Contents ;
---------------------
  1. Legal Notice
  2. Analysis & Synthesis Summary
  3. Analysis & Synthesis Settings
  4. Parallel Compilation
  5. Analysis & Synthesis Source Files Read
  6. Analysis & Synthesis Resource Usage Summary
  7. Analysis & Synthesis Resource Utilization by Entity
  8. User-Specified and Inferred Latches
  9. General Register Statistics
 10. Multiplexer Restructuring Statistics (Restructuring Performed)
 11. Analysis & Synthesis Messages



----------------
; Legal Notice ;
----------------
Copyright (C) 2024  Intel Corporation. All rights reserved.
Your use of Intel Corporation's design tools, logic functions 
and other software and tools, and any partner logic 
functions, and any output files from any of the foregoing 
(including device programming or simulation files), and any 
associated documentation or information are expressly subject 
to the terms and conditions of the Intel Program License 
Subscription Agreement, the Intel Quartus Prime License Agreement,
the Intel FPGA IP License Agreement, or other applicable license
agreement, including, without limitation, that your use is for
the sole purpose of programming logic devices manufactured by
Intel and sold by Intel or its authorized distributors.  Please
refer to the applicable agreement for further details, at
https://fpgasoftware.intel.com/eula.



+------------------------------------------------------------------------------+
; Analysis & Synthesis Summary                                                 ;
+-----------------------------+------------------------------------------------+
; Analysis & Synthesis Status ; Successful - Wed Jan  8 17:44:31 2025          ;
; Quartus Prime Version       ; 23.1std.1 Build 993 05/14/2024 SC Lite Edition ;
; Revision Name               ; MOD_16_XY                                      ;
; Top-level Entity Name       ; MOD_16_XY                                      ;
; Family                      ; MAX II                                         ;
; Total logic elements        ; 101                                            ;
; Total pins                  ; 23                                             ;
; Total virtual pins          ; 0                                              ;
; UFM blocks                  ; 0 / 1 ( 0 % )                                  ;
+-----------------------------+------------------------------------------------+


+------------------------------------------------------------------------------------------------------------+
; Analysis & Synthesis Settings                                                                              ;
+------------------------------------------------------------------+--------------------+--------------------+
; Option                                                           ; Setting            ; Default Value      ;
+------------------------------------------------------------------+--------------------+--------------------+
; Device                                                           ; EPM240T100C5       ;                    ;
; Top-level entity name                                            ; MOD_16_XY          ; MOD_16_XY          ;
; Family name                                                      ; MAX II             ; Cyclone V          ;
; Use smart compilation                                            ; Off                ; Off                ;
; Enable parallel Assembler and Timing Analyzer during compilation ; On                 ; On                 ;
; Enable compact report table                                      ; Off                ; Off                ;
; Restructure Multiplexers                                         ; Auto               ; Auto               ;
; Create Debugging Nodes for IP Cores                              ; Off                ; Off                ;
; Preserve fewer node names                                        ; On                 ; On                 ;
; Intel FPGA IP Evaluation Mode                                    ; Enable             ; Enable             ;
; Verilog Version                                                  ; Verilog_2001       ; Verilog_2001       ;
; VHDL Version                                                     ; VHDL_1993          ; VHDL_1993          ;
; State Machine Processing                                         ; Auto               ; Auto               ;
; Safe State Machine                                               ; Off                ; Off                ;
; Extract Verilog State Machines                                   ; On                 ; On                 ;
; Extract VHDL State Machines                                      ; On                 ; On                 ;
; Ignore Verilog initial constructs                                ; Off                ; Off                ;
; Iteration limit for constant Verilog loops                       ; 5000               ; 5000               ;
; Iteration limit for non-constant Verilog loops                   ; 250                ; 250                ;
; Add Pass-Through Logic to Inferred RAMs                          ; On                 ; On                 ;
; Infer RAMs from Raw Logic                                        ; On                 ; On                 ;
; Parallel Synthesis                                               ; On                 ; On                 ;
; NOT Gate Push-Back                                               ; On                 ; On                 ;
; Power-Up Don't Care                                              ; On                 ; On                 ;
; Remove Redundant Logic Cells                                     ; Off                ; Off                ;
; Remove Duplicate Registers                                       ; On                 ; On                 ;
; Ignore CARRY Buffers                                             ; Off                ; Off                ;
; Ignore CASCADE Buffers                                           ; Off                ; Off                ;
; Ignore GLOBAL Buffers                                            ; Off                ; Off                ;
; Ignore ROW GLOBAL Buffers                                        ; Off                ; Off                ;
; Ignore LCELL Buffers                                             ; Off                ; Off                ;
; Ignore SOFT Buffers                                              ; On                 ; On                 ;
; Limit AHDL Integers to 32 Bits                                   ; Off                ; Off                ;
; Optimization Technique                                           ; Balanced           ; Balanced           ;
; Carry Chain Length                                               ; 70                 ; 70                 ;
; Auto Carry Chains                                                ; On                 ; On                 ;
; Auto Open-Drain Pins                                             ; On                 ; On                 ;
; Perform WYSIWYG Primitive Resynthesis                            ; Off                ; Off                ;
; Auto Shift Register Replacement                                  ; Auto               ; Auto               ;
; Allow Shift Register Merging across Hierarchies                  ; Auto               ; Auto               ;
; Auto Clock Enable Replacement                                    ; On                 ; On                 ;
; Allow Synchronous Control Signals                                ; On                 ; On                 ;
; Force Use of Synchronous Clear Signals                           ; Off                ; Off                ;
; Auto Resource Sharing                                            ; Off                ; Off                ;
; Use LogicLock Constraints during Resource Balancing              ; On                 ; On                 ;
; Ignore translate_off and synthesis_off directives                ; Off                ; Off                ;
; Report Parameter Settings                                        ; On                 ; On                 ;
; Report Source Assignments                                        ; On                 ; On                 ;
; Report Connectivity Checks                                       ; On                 ; On                 ;
; Ignore Maximum Fan-Out Assignments                               ; Off                ; Off                ;
; Synchronization Register Chain Length                            ; 2                  ; 2                  ;
; Power Optimization During Synthesis                              ; Normal compilation ; Normal compilation ;
; HDL message level                                                ; Level2             ; Level2             ;
; Suppress Register Optimization Related Messages                  ; Off                ; Off                ;
; Number of Removed Registers Reported in Synthesis Report         ; 5000               ; 5000               ;
; Number of Swept Nodes Reported in Synthesis Report               ; 5000               ; 5000               ;
; Number of Inverted Registers Reported in Synthesis Report        ; 100                ; 100                ;
; Clock MUX Protection                                             ; On                 ; On                 ;
; Block Design Naming                                              ; Auto               ; Auto               ;
; Synthesis Effort                                                 ; Auto               ; Auto               ;
; Shift Register Replacement - Allow Asynchronous Clear Signal     ; On                 ; On                 ;
; Analysis & Synthesis Message Level                               ; Medium             ; Medium             ;
; Disable Register Merging Across Hierarchies                      ; Auto               ; Auto               ;
+------------------------------------------------------------------+--------------------+--------------------+


+------------------------------------------+
; Parallel Compilation                     ;
+----------------------------+-------------+
; Processors                 ; Number      ;
+----------------------------+-------------+
; Number detected on machine ; 16          ;
; Maximum allowed            ; 16          ;
;                            ;             ;
; Average used               ; 1.00        ;
; Maximum used               ; 1           ;
;                            ;             ;
; Usage by Processor         ; % Time Used ;
;     Processor 1            ; 100.0%      ;
+----------------------------+-------------+


+------------------------------------------------------------------------------------------------------------------------------------------------------------------------------------------------------+
; Analysis & Synthesis Source Files Read                                                                                                                                                               ;
+----------------------------------+-----------------+-----------------------+---------------------------------------------------------------------------------------------------------------+---------+
; File Name with User-Entered Path ; Used in Netlist ; File Type             ; File Name with Absolute Path                                                                                  ; Library ;
+----------------------------------+-----------------+-----------------------+---------------------------------------------------------------------------------------------------------------+---------+
; mod_16_xy.vhd                    ; yes             ; Auto-Found VHDL File  ; C:/Users/mcmin/Documents/GitHub/Aplicaciones_sistemas_digitales_UPIICSA/CONTADORES_V2/MOD_16_XY/mod_16_xy.vhd ;         ;
+----------------------------------+-----------------+-----------------------+---------------------------------------------------------------------------------------------------------------+---------+


+-----------------------------------------------------+
; Analysis & Synthesis Resource Usage Summary         ;
+---------------------------------------------+-------+
; Resource                                    ; Usage ;
+---------------------------------------------+-------+
; Total logic elements                        ; 101   ;
;     -- Combinational with no register       ; 70    ;
;     -- Register only                        ; 12    ;
;     -- Combinational with a register        ; 19    ;
;                                             ;       ;
; Logic element usage by number of LUT inputs ;       ;
;     -- 4 input functions                    ; 24    ;
;     -- 3 input functions                    ; 15    ;
;     -- 2 input functions                    ; 47    ;
;     -- 1 input functions                    ; 3     ;
;     -- 0 input functions                    ; 0     ;
;                                             ;       ;
; Logic elements by mode                      ;       ;
;     -- normal mode                          ; 69    ;
;     -- arithmetic mode                      ; 32    ;
;     -- qfbk mode                            ; 0     ;
;     -- register cascade mode                ; 0     ;
;     -- synchronous clear/load mode          ; 5     ;
;     -- asynchronous clear/load mode         ; 0     ;
;                                             ;       ;
; Total registers                             ; 31    ;
; Total logic cells in carry chains           ; 35    ;
; I/O pins                                    ; 23    ;
; Maximum fan-out node                        ; clk   ;
; Maximum fan-out                             ; 26    ;
; Total fan-out                               ; 315   ;
; Average fan-out                             ; 2.54  ;
+---------------------------------------------+-------+


+------------------------------------------------------------------------------------------------------------------------------------------------------------------------------------------------------------------------------------+
; Analysis & Synthesis Resource Utilization by Entity                                                                                                                                                                                ;
+----------------------------+-------------+--------------+------------+------+--------------+--------------+-------------------+------------------+-----------------+------------+---------------------+-------------+--------------+
; Compilation Hierarchy Node ; Logic Cells ; LC Registers ; UFM Blocks ; Pins ; Virtual Pins ; LUT-Only LCs ; Register-Only LCs ; LUT/Register LCs ; Carry Chain LCs ; Packed LCs ; Full Hierarchy Name ; Entity Name ; Library Name ;
+----------------------------+-------------+--------------+------------+------+--------------+--------------+-------------------+------------------+-----------------+------------+---------------------+-------------+--------------+
; |MOD_16_XY                 ; 101 (101)   ; 31           ; 0          ; 23   ; 0            ; 70 (70)      ; 12 (12)           ; 19 (19)          ; 35 (35)         ; 0 (0)      ; |MOD_16_XY          ; MOD_16_XY   ; work         ;
+----------------------------+-------------+--------------+------------+------+--------------+--------------+-------------------+------------------+-----------------+------------+---------------------+-------------+--------------+
Note: For table entries with two numbers listed, the numbers in parentheses indicate the number of resources of the given type used by the specific entity alone. The numbers listed outside of parentheses indicate the total resources of the given type used by the specific entity and all of its sub-entities in the hierarchy.


+----------------------------------------------------------------------------------------------------+
; User-Specified and Inferred Latches                                                                ;
+-----------------------------------------------------+---------------------+------------------------+
; Latch Name                                          ; Latch Enable Signal ; Free of Timing Hazards ;
+-----------------------------------------------------+---------------------+------------------------+
; display1[0]$latch                                   ; Mux11               ; yes                    ;
; display1[1]$latch                                   ; Mux11               ; yes                    ;
; display1[2]$latch                                   ; Mux11               ; yes                    ;
; display1[3]$latch                                   ; Mux11               ; yes                    ;
; display1[4]$latch                                   ; Mux11               ; yes                    ;
; display1[6]$latch                                   ; Mux11               ; yes                    ;
; display2[0]$latch                                   ; Mux11               ; yes                    ;
; display2[1]$latch                                   ; Mux11               ; yes                    ;
; display2[2]$latch                                   ; Mux11               ; yes                    ;
; display2[3]$latch                                   ; Mux11               ; yes                    ;
; display2[4]$latch                                   ; Mux11               ; yes                    ;
; display2[5]$latch                                   ; Mux11               ; yes                    ;
; display2[6]$latch                                   ; Mux11               ; yes                    ;
; Number of user-specified and inferred latches = 13  ;                     ;                        ;
+-----------------------------------------------------+---------------------+------------------------+
Note: All latches listed above may not be present at the end of synthesis due to various synthesis optimizations.


+------------------------------------------------------+
; General Register Statistics                          ;
+----------------------------------------------+-------+
; Statistic                                    ; Value ;
+----------------------------------------------+-------+
; Total registers                              ; 31    ;
; Number of registers using Synchronous Clear  ; 5     ;
; Number of registers using Synchronous Load   ; 5     ;
; Number of registers using Asynchronous Clear ; 0     ;
; Number of registers using Asynchronous Load  ; 0     ;
; Number of registers using Clock Enable       ; 0     ;
; Number of registers using Preset             ; 0     ;
+----------------------------------------------+-------+


+------------------------------------------------------------------------------------------------------------------------------------------+
; Multiplexer Restructuring Statistics (Restructuring Performed)                                                                           ;
+--------------------+-----------+---------------+----------------------+------------------------+------------+----------------------------+
; Multiplexer Inputs ; Bus Width ; Baseline Area ; Area if Restructured ; Saving if Restructured ; Registered ; Example Multiplexer Output ;
+--------------------+-----------+---------------+----------------------+------------------------+------------+----------------------------+
; 7:1                ; 5 bits    ; 20 LEs        ; 20 LEs               ; 0 LEs                  ; Yes        ; |MOD_16_XY|estado[0]~reg0  ;
+--------------------+-----------+---------------+----------------------+------------------------+------------+----------------------------+


+-------------------------------+
; Analysis & Synthesis Messages ;
+-------------------------------+
Info: *******************************************************************
Info: Running Quartus Prime Analysis & Synthesis
    Info: Version 23.1std.1 Build 993 05/14/2024 SC Lite Edition
    Info: Processing started: Wed Jan  8 17:44:17 2025
Info: Command: quartus_map --read_settings_files=on --write_settings_files=off MOD_16_XY -c MOD_16_XY
Warning (18236): Number of processors has not been specified which may cause overloading on shared machines.  Set the global assignment NUM_PARALLEL_PROCESSORS in your QSF to an appropriate value for best performance.
Info (20030): Parallel compilation is enabled and will use 16 of the 16 processors detected
Warning (12125): Using design file mod_16_xy.vhd, which is not specified as a design file for the current project, but contains definitions for 2 design units and 1 entities in project
    Info (12022): Found design unit 1: MOD_16_XY-behavioral File: C:/Users/mcmin/Documents/GitHub/Aplicaciones_sistemas_digitales_UPIICSA/CONTADORES_V2/MOD_16_XY/mod_16_xy.vhd Line: 23
    Info (12023): Found entity 1: MOD_16_XY File: C:/Users/mcmin/Documents/GitHub/Aplicaciones_sistemas_digitales_UPIICSA/CONTADORES_V2/MOD_16_XY/mod_16_xy.vhd Line: 12
Info (12127): Elaborating entity "MOD_16_XY" for the top level hierarchy
Warning (10631): VHDL Process Statement warning at mod_16_xy.vhd(69): inferring latch(es) for signal or variable "display1", which holds its previous value in one or more paths through the process File: C:/Users/mcmin/Documents/GitHub/Aplicaciones_sistemas_digitales_UPIICSA/CONTADORES_V2/MOD_16_XY/mod_16_xy.vhd Line: 69
Warning (10631): VHDL Process Statement warning at mod_16_xy.vhd(69): inferring latch(es) for signal or variable "display2", which holds its previous value in one or more paths through the process File: C:/Users/mcmin/Documents/GitHub/Aplicaciones_sistemas_digitales_UPIICSA/CONTADORES_V2/MOD_16_XY/mod_16_xy.vhd Line: 69
Info (10041): Inferred latch for "display2[0]" at mod_16_xy.vhd(69) File: C:/Users/mcmin/Documents/GitHub/Aplicaciones_sistemas_digitales_UPIICSA/CONTADORES_V2/MOD_16_XY/mod_16_xy.vhd Line: 69
Info (10041): Inferred latch for "display2[1]" at mod_16_xy.vhd(69) File: C:/Users/mcmin/Documents/GitHub/Aplicaciones_sistemas_digitales_UPIICSA/CONTADORES_V2/MOD_16_XY/mod_16_xy.vhd Line: 69
Info (10041): Inferred latch for "display2[2]" at mod_16_xy.vhd(69) File: C:/Users/mcmin/Documents/GitHub/Aplicaciones_sistemas_digitales_UPIICSA/CONTADORES_V2/MOD_16_XY/mod_16_xy.vhd Line: 69
Info (10041): Inferred latch for "display2[3]" at mod_16_xy.vhd(69) File: C:/Users/mcmin/Documents/GitHub/Aplicaciones_sistemas_digitales_UPIICSA/CONTADORES_V2/MOD_16_XY/mod_16_xy.vhd Line: 69
Info (10041): Inferred latch for "display2[4]" at mod_16_xy.vhd(69) File: C:/Users/mcmin/Documents/GitHub/Aplicaciones_sistemas_digitales_UPIICSA/CONTADORES_V2/MOD_16_XY/mod_16_xy.vhd Line: 69
Info (10041): Inferred latch for "display2[5]" at mod_16_xy.vhd(69) File: C:/Users/mcmin/Documents/GitHub/Aplicaciones_sistemas_digitales_UPIICSA/CONTADORES_V2/MOD_16_XY/mod_16_xy.vhd Line: 69
Info (10041): Inferred latch for "display2[6]" at mod_16_xy.vhd(69) File: C:/Users/mcmin/Documents/GitHub/Aplicaciones_sistemas_digitales_UPIICSA/CONTADORES_V2/MOD_16_XY/mod_16_xy.vhd Line: 69
Info (10041): Inferred latch for "display1[0]" at mod_16_xy.vhd(69) File: C:/Users/mcmin/Documents/GitHub/Aplicaciones_sistemas_digitales_UPIICSA/CONTADORES_V2/MOD_16_XY/mod_16_xy.vhd Line: 69
Info (10041): Inferred latch for "display1[1]" at mod_16_xy.vhd(69) File: C:/Users/mcmin/Documents/GitHub/Aplicaciones_sistemas_digitales_UPIICSA/CONTADORES_V2/MOD_16_XY/mod_16_xy.vhd Line: 69
Info (10041): Inferred latch for "display1[2]" at mod_16_xy.vhd(69) File: C:/Users/mcmin/Documents/GitHub/Aplicaciones_sistemas_digitales_UPIICSA/CONTADORES_V2/MOD_16_XY/mod_16_xy.vhd Line: 69
Info (10041): Inferred latch for "display1[3]" at mod_16_xy.vhd(69) File: C:/Users/mcmin/Documents/GitHub/Aplicaciones_sistemas_digitales_UPIICSA/CONTADORES_V2/MOD_16_XY/mod_16_xy.vhd Line: 69
Info (10041): Inferred latch for "display1[4]" at mod_16_xy.vhd(69) File: C:/Users/mcmin/Documents/GitHub/Aplicaciones_sistemas_digitales_UPIICSA/CONTADORES_V2/MOD_16_XY/mod_16_xy.vhd Line: 69
Info (10041): Inferred latch for "display1[5]" at mod_16_xy.vhd(69) File: C:/Users/mcmin/Documents/GitHub/Aplicaciones_sistemas_digitales_UPIICSA/CONTADORES_V2/MOD_16_XY/mod_16_xy.vhd Line: 69
Info (10041): Inferred latch for "display1[6]" at mod_16_xy.vhd(69) File: C:/Users/mcmin/Documents/GitHub/Aplicaciones_sistemas_digitales_UPIICSA/CONTADORES_V2/MOD_16_XY/mod_16_xy.vhd Line: 69
Warning (13034): The following nodes have both tri-state and non-tri-state drivers
    Warning (13035): Inserted always-enabled tri-state buffer between "clk_1hz" and its non-tri-state driver. File: C:/Users/mcmin/Documents/GitHub/Aplicaciones_sistemas_digitales_UPIICSA/CONTADORES_V2/MOD_16_XY/mod_16_xy.vhd Line: 15
    Warning (13035): Inserted always-enabled tri-state buffer between "estado[0]" and its non-tri-state driver. File: C:/Users/mcmin/Documents/GitHub/Aplicaciones_sistemas_digitales_UPIICSA/CONTADORES_V2/MOD_16_XY/mod_16_xy.vhd Line: 44
    Warning (13035): Inserted always-enabled tri-state buffer between "estado[1]" and its non-tri-state driver. File: C:/Users/mcmin/Documents/GitHub/Aplicaciones_sistemas_digitales_UPIICSA/CONTADORES_V2/MOD_16_XY/mod_16_xy.vhd Line: 44
    Warning (13035): Inserted always-enabled tri-state buffer between "estado[2]" and its non-tri-state driver. File: C:/Users/mcmin/Documents/GitHub/Aplicaciones_sistemas_digitales_UPIICSA/CONTADORES_V2/MOD_16_XY/mod_16_xy.vhd Line: 44
    Warning (13035): Inserted always-enabled tri-state buffer between "estado[3]" and its non-tri-state driver. File: C:/Users/mcmin/Documents/GitHub/Aplicaciones_sistemas_digitales_UPIICSA/CONTADORES_V2/MOD_16_XY/mod_16_xy.vhd Line: 44
    Warning (13035): Inserted always-enabled tri-state buffer between "estado[4]" and its non-tri-state driver. File: C:/Users/mcmin/Documents/GitHub/Aplicaciones_sistemas_digitales_UPIICSA/CONTADORES_V2/MOD_16_XY/mod_16_xy.vhd Line: 44
Info (13060): One or more bidirectional pins are fed by always enabled tri-state buffers
    Info (13061): Fan-out of permanently enabled tri-state buffer feeding bidirectional pin "clk_1hz" is moved to its source File: C:/Users/mcmin/Documents/GitHub/Aplicaciones_sistemas_digitales_UPIICSA/CONTADORES_V2/MOD_16_XY/mod_16_xy.vhd Line: 15
    Info (13061): Fan-out of permanently enabled tri-state buffer feeding bidirectional pin "estado[0]" is moved to its source File: C:/Users/mcmin/Documents/GitHub/Aplicaciones_sistemas_digitales_UPIICSA/CONTADORES_V2/MOD_16_XY/mod_16_xy.vhd Line: 44
    Info (13061): Fan-out of permanently enabled tri-state buffer feeding bidirectional pin "estado[1]" is moved to its source File: C:/Users/mcmin/Documents/GitHub/Aplicaciones_sistemas_digitales_UPIICSA/CONTADORES_V2/MOD_16_XY/mod_16_xy.vhd Line: 44
    Info (13061): Fan-out of permanently enabled tri-state buffer feeding bidirectional pin "estado[2]" is moved to its source File: C:/Users/mcmin/Documents/GitHub/Aplicaciones_sistemas_digitales_UPIICSA/CONTADORES_V2/MOD_16_XY/mod_16_xy.vhd Line: 44
    Info (13061): Fan-out of permanently enabled tri-state buffer feeding bidirectional pin "estado[3]" is moved to its source File: C:/Users/mcmin/Documents/GitHub/Aplicaciones_sistemas_digitales_UPIICSA/CONTADORES_V2/MOD_16_XY/mod_16_xy.vhd Line: 44
    Info (13061): Fan-out of permanently enabled tri-state buffer feeding bidirectional pin "estado[4]" is moved to its source File: C:/Users/mcmin/Documents/GitHub/Aplicaciones_sistemas_digitales_UPIICSA/CONTADORES_V2/MOD_16_XY/mod_16_xy.vhd Line: 44
Info (13025): Duplicate LATCH primitives merged into single LATCH primitive
    Info (13026): Duplicate LATCH primitive "display1[6]$latch" merged with LATCH primitive "display1[2]$latch" File: C:/Users/mcmin/Documents/GitHub/Aplicaciones_sistemas_digitales_UPIICSA/CONTADORES_V2/MOD_16_XY/mod_16_xy.vhd Line: 69
    Info (13026): Duplicate LATCH primitive "display1[3]$latch" merged with LATCH primitive "display1[2]$latch" File: C:/Users/mcmin/Documents/GitHub/Aplicaciones_sistemas_digitales_UPIICSA/CONTADORES_V2/MOD_16_XY/mod_16_xy.vhd Line: 69
    Info (13026): Duplicate LATCH primitive "display2[6]$latch" merged with LATCH primitive "display2[3]$latch" File: C:/Users/mcmin/Documents/GitHub/Aplicaciones_sistemas_digitales_UPIICSA/CONTADORES_V2/MOD_16_XY/mod_16_xy.vhd Line: 69
Warning (13012): Latch display1[0]$latch has unsafe behavior File: C:/Users/mcmin/Documents/GitHub/Aplicaciones_sistemas_digitales_UPIICSA/CONTADORES_V2/MOD_16_XY/mod_16_xy.vhd Line: 69
    Warning (13013): Ports D and ENA on the latch are fed by the same signal estado[4]~reg0 File: C:/Users/mcmin/Documents/GitHub/Aplicaciones_sistemas_digitales_UPIICSA/CONTADORES_V2/MOD_16_XY/mod_16_xy.vhd Line: 44
Warning (13012): Latch display1[1]$latch has unsafe behavior File: C:/Users/mcmin/Documents/GitHub/Aplicaciones_sistemas_digitales_UPIICSA/CONTADORES_V2/MOD_16_XY/mod_16_xy.vhd Line: 69
    Warning (13013): Ports D and ENA on the latch are fed by the same signal estado[0]~reg0 File: C:/Users/mcmin/Documents/GitHub/Aplicaciones_sistemas_digitales_UPIICSA/CONTADORES_V2/MOD_16_XY/mod_16_xy.vhd Line: 44
Warning (13012): Latch display1[2]$latch has unsafe behavior File: C:/Users/mcmin/Documents/GitHub/Aplicaciones_sistemas_digitales_UPIICSA/CONTADORES_V2/MOD_16_XY/mod_16_xy.vhd Line: 69
    Warning (13013): Ports D and ENA on the latch are fed by the same signal estado[3]~reg0 File: C:/Users/mcmin/Documents/GitHub/Aplicaciones_sistemas_digitales_UPIICSA/CONTADORES_V2/MOD_16_XY/mod_16_xy.vhd Line: 44
Warning (13012): Latch display1[4]$latch has unsafe behavior File: C:/Users/mcmin/Documents/GitHub/Aplicaciones_sistemas_digitales_UPIICSA/CONTADORES_V2/MOD_16_XY/mod_16_xy.vhd Line: 69
    Warning (13013): Ports D and ENA on the latch are fed by the same signal estado[4]~reg0 File: C:/Users/mcmin/Documents/GitHub/Aplicaciones_sistemas_digitales_UPIICSA/CONTADORES_V2/MOD_16_XY/mod_16_xy.vhd Line: 44
Warning (13012): Latch display2[0]$latch has unsafe behavior File: C:/Users/mcmin/Documents/GitHub/Aplicaciones_sistemas_digitales_UPIICSA/CONTADORES_V2/MOD_16_XY/mod_16_xy.vhd Line: 69
    Warning (13013): Ports D and ENA on the latch are fed by the same signal estado[0]~reg0 File: C:/Users/mcmin/Documents/GitHub/Aplicaciones_sistemas_digitales_UPIICSA/CONTADORES_V2/MOD_16_XY/mod_16_xy.vhd Line: 44
Warning (13012): Latch display2[1]$latch has unsafe behavior File: C:/Users/mcmin/Documents/GitHub/Aplicaciones_sistemas_digitales_UPIICSA/CONTADORES_V2/MOD_16_XY/mod_16_xy.vhd Line: 69
    Warning (13013): Ports D and ENA on the latch are fed by the same signal estado[3]~reg0 File: C:/Users/mcmin/Documents/GitHub/Aplicaciones_sistemas_digitales_UPIICSA/CONTADORES_V2/MOD_16_XY/mod_16_xy.vhd Line: 44
Warning (13012): Latch display2[2]$latch has unsafe behavior File: C:/Users/mcmin/Documents/GitHub/Aplicaciones_sistemas_digitales_UPIICSA/CONTADORES_V2/MOD_16_XY/mod_16_xy.vhd Line: 69
    Warning (13013): Ports D and ENA on the latch are fed by the same signal estado[0]~reg0 File: C:/Users/mcmin/Documents/GitHub/Aplicaciones_sistemas_digitales_UPIICSA/CONTADORES_V2/MOD_16_XY/mod_16_xy.vhd Line: 44
Warning (13012): Latch display2[3]$latch has unsafe behavior File: C:/Users/mcmin/Documents/GitHub/Aplicaciones_sistemas_digitales_UPIICSA/CONTADORES_V2/MOD_16_XY/mod_16_xy.vhd Line: 69
    Warning (13013): Ports D and ENA on the latch are fed by the same signal estado[0]~reg0 File: C:/Users/mcmin/Documents/GitHub/Aplicaciones_sistemas_digitales_UPIICSA/CONTADORES_V2/MOD_16_XY/mod_16_xy.vhd Line: 44
Warning (13012): Latch display2[4]$latch has unsafe behavior File: C:/Users/mcmin/Documents/GitHub/Aplicaciones_sistemas_digitales_UPIICSA/CONTADORES_V2/MOD_16_XY/mod_16_xy.vhd Line: 69
    Warning (13013): Ports D and ENA on the latch are fed by the same signal estado[0]~reg0 File: C:/Users/mcmin/Documents/GitHub/Aplicaciones_sistemas_digitales_UPIICSA/CONTADORES_V2/MOD_16_XY/mod_16_xy.vhd Line: 44
Warning (13012): Latch display2[5]$latch has unsafe behavior File: C:/Users/mcmin/Documents/GitHub/Aplicaciones_sistemas_digitales_UPIICSA/CONTADORES_V2/MOD_16_XY/mod_16_xy.vhd Line: 69
    Warning (13013): Ports D and ENA on the latch are fed by the same signal estado[0]~reg0 File: C:/Users/mcmin/Documents/GitHub/Aplicaciones_sistemas_digitales_UPIICSA/CONTADORES_V2/MOD_16_XY/mod_16_xy.vhd Line: 44
Warning (13009): TRI or OPNDRN buffers permanently enabled
    Warning (13010): Node "clk_1hz~synth" File: C:/Users/mcmin/Documents/GitHub/Aplicaciones_sistemas_digitales_UPIICSA/CONTADORES_V2/MOD_16_XY/mod_16_xy.vhd Line: 15
    Warning (13010): Node "estado[0]~synth" File: C:/Users/mcmin/Documents/GitHub/Aplicaciones_sistemas_digitales_UPIICSA/CONTADORES_V2/MOD_16_XY/mod_16_xy.vhd Line: 44
    Warning (13010): Node "estado[1]~synth" File: C:/Users/mcmin/Documents/GitHub/Aplicaciones_sistemas_digitales_UPIICSA/CONTADORES_V2/MOD_16_XY/mod_16_xy.vhd Line: 44
    Warning (13010): Node "estado[2]~synth" File: C:/Users/mcmin/Documents/GitHub/Aplicaciones_sistemas_digitales_UPIICSA/CONTADORES_V2/MOD_16_XY/mod_16_xy.vhd Line: 44
    Warning (13010): Node "estado[3]~synth" File: C:/Users/mcmin/Documents/GitHub/Aplicaciones_sistemas_digitales_UPIICSA/CONTADORES_V2/MOD_16_XY/mod_16_xy.vhd Line: 44
    Warning (13010): Node "estado[4]~synth" File: C:/Users/mcmin/Documents/GitHub/Aplicaciones_sistemas_digitales_UPIICSA/CONTADORES_V2/MOD_16_XY/mod_16_xy.vhd Line: 44
Warning (13024): Output pins are stuck at VCC or GND
    Warning (13410): Pin "display1[5]" is stuck at GND File: C:/Users/mcmin/Documents/GitHub/Aplicaciones_sistemas_digitales_UPIICSA/CONTADORES_V2/MOD_16_XY/mod_16_xy.vhd Line: 69
Info (21057): Implemented 124 device resources after synthesis - the final resource count might be different
    Info (21058): Implemented 3 input pins
    Info (21059): Implemented 14 output pins
    Info (21060): Implemented 6 bidirectional pins
    Info (21061): Implemented 101 logic cells
Info: Quartus Prime Analysis & Synthesis was successful. 0 errors, 40 warnings
    Info: Peak virtual memory: 4769 megabytes
    Info: Processing ended: Wed Jan  8 17:44:31 2025
    Info: Elapsed time: 00:00:14
    Info: Total CPU time (on all processors): 00:00:24


