Flow report for MOD_16_XY
Wed Jan  8 14:58:45 2025
Quartus Prime Version 23.1std.1 Build 993 05/14/2024 SC Lite Edition


---------------------
; Table of Contents ;
---------------------
  1. Legal Notice
  2. Flow Summary
  3. Flow Settings
  4. Flow Non-Default Global Settings
  5. Flow Elapsed Time
  6. Flow OS Summary
  7. Flow Log
  8. Flow Messages
  9. Flow Suppressed Messages



----------------
; Legal Notice ;
----------------
Copyright (C) 2024  Intel Corporation. All rights reserved.
Your use of Intel Corporation's design tools, logic functions 
and other software and tools, and any partner logic 
functions, and any output files from any of the foregoing 
(including device programming or simulation files), and any 
associated documentation or information are expressly subject 
to the terms and conditions of the Intel Program License 
Subscription Agreement, the Intel Quartus Prime License Agreement,
the Intel FPGA IP License Agreement, or other applicable license
agreement, including, without limitation, that your use is for
the sole purpose of programming logic devices manufactured by
Intel and sold by Intel or its authorized distributors.  Please
refer to the applicable agreement for further details, at
https://fpgasoftware.intel.com/eula.



+------------------------------------------------------------------------+
; Flow Summary                                                           ;
+-----------------------+------------------------------------------------+
; Flow Status           ; Successful - Wed Jan  8 14:58:43 2025          ;
; Quartus Prime Version ; 23.1std.1 Build 993 05/14/2024 SC Lite Edition ;
; Revision Name         ; MOD_16_XY                                      ;
; Top-level Entity Name ; MOD_16_XY                                      ;
; Family                ; MAX II                                         ;
; Device                ; EPM240T100C5                                   ;
; Timing Models         ; Final                                          ;
; Total logic elements  ; 84 / 240 ( 35 % )                              ;
; Total pins            ; 25 / 80 ( 31 % )                               ;
; Total virtual pins    ; 0                                              ;
; UFM blocks            ; 0 / 1 ( 0 % )                                  ;
+-----------------------+------------------------------------------------+


+-----------------------------------------+
; Flow Settings                           ;
+-------------------+---------------------+
; Option            ; Setting             ;
+-------------------+---------------------+
; Start date & time ; 01/08/2025 14:58:24 ;
; Main task         ; Compilation         ;
; Revision Name     ; MOD_16_XY           ;
+-------------------+---------------------+


+--------------------------------------------------------------------------------------------------------------------+
; Flow Non-Default Global Settings                                                                                   ;
+---------------------------------------+---------------------------------+---------------+-------------+------------+
; Assignment Name                       ; Value                           ; Default Value ; Entity Name ; Section Id ;
+---------------------------------------+---------------------------------+---------------+-------------+------------+
; COMPILER_SIGNATURE_ID                 ; 231143715998239.173636990409220 ; --            ; --          ; --         ;
; MAX_CORE_JUNCTION_TEMP                ; 85                              ; --            ; --          ; --         ;
; MIN_CORE_JUNCTION_TEMP                ; 0                               ; --            ; --          ; --         ;
; POWER_EXT_SUPPLY_VOLTAGE_TO_REGULATOR ; 3.3V                            ; --            ; --          ; --         ;
; PROJECT_OUTPUT_DIRECTORY              ; output_files                    ; --            ; --          ; --         ;
+---------------------------------------+---------------------------------+---------------+-------------+------------+


+--------------------------------------------------------------------------------------------------------------------------+
; Flow Elapsed Time                                                                                                        ;
+----------------------+--------------+-------------------------+---------------------+------------------------------------+
; Module Name          ; Elapsed Time ; Average Processors Used ; Peak Virtual Memory ; Total CPU Time (on all processors) ;
+----------------------+--------------+-------------------------+---------------------+------------------------------------+
; Analysis & Synthesis ; 00:00:14     ; 1.0                     ; 4767 MB             ; 00:00:24                           ;
; Fitter               ; 00:00:03     ; 1.1                     ; 6152 MB             ; 00:00:02                           ;
; Assembler            ; 00:00:01     ; 1.0                     ; 4669 MB             ; 00:00:01                           ;
; Timing Analyzer      ; 00:00:01     ; 1.0                     ; 4674 MB             ; 00:00:01                           ;
; Total                ; 00:00:19     ; --                      ; --                  ; 00:00:28                           ;
+----------------------+--------------+-------------------------+---------------------+------------------------------------+


+------------------------------------------------------------------------------------+
; Flow OS Summary                                                                    ;
+----------------------+------------------+------------+------------+----------------+
; Module Name          ; Machine Hostname ; OS Name    ; OS Version ; Processor type ;
+----------------------+------------------+------------+------------+----------------+
; Analysis & Synthesis ; YAEL-RDF-LAPTOP  ; Windows 10 ; 10.0       ; x86_64         ;
; Fitter               ; YAEL-RDF-LAPTOP  ; Windows 10 ; 10.0       ; x86_64         ;
; Assembler            ; YAEL-RDF-LAPTOP  ; Windows 10 ; 10.0       ; x86_64         ;
; Timing Analyzer      ; YAEL-RDF-LAPTOP  ; Windows 10 ; 10.0       ; x86_64         ;
+----------------------+------------------+------------+------------+----------------+


------------
; Flow Log ;
------------
quartus_map --read_settings_files=on --write_settings_files=off MOD_16_XY -c MOD_16_XY
quartus_fit --read_settings_files=off --write_settings_files=off MOD_16_XY -c MOD_16_XY
quartus_asm --read_settings_files=off --write_settings_files=off MOD_16_XY -c MOD_16_XY
quartus_sta MOD_16_XY -c MOD_16_XY



